{
  "stats": {
    "suites": 0,
    "tests": 1,
    "passes": 1,
    "pending": 0,
    "failures": 0,
    "start": "2023-12-08T10:04:20.991Z",
    "end": "2023-12-08T10:04:23.206Z",
    "duration": 2215,
    "testsRegistered": 1,
    "passPercent": 100,
    "pendingPercent": 0,
    "other": 0,
    "hasOther": false,
    "skipped": 0,
    "hasSkipped": false
  },
  "results": [
    {
      "uuid": "553ced90-222d-47ab-b6a7-2cb2ef1842f6",
      "title": "",
      "fullFile": "cypress\\e2e\\basic.cy.ts",
      "file": "cypress\\e2e\\basic.cy.ts",
      "beforeHooks": [],
      "afterHooks": [],
      "tests": [
        {
          "title": "Assertions in Cypress",
          "fullTitle": "Assertions in Cypress",
          "timedOut": null,
          "duration": 692,
          "state": "passed",
          "speed": "fast",
          "pass": true,
          "fail": false,
          "pending": false,
          "context": null,
          "code": "cy.visit('https://example.cypress.io/');\ncy.contains('get').click();\ncy.get('#query-btn', { timeout: 6000 })\n    .should('contain', 'Button')\n    .should('have.class', 'query-btn')\n    .should('be.visible')\n    .should('be.enabled').and('have.class', 'query-btn');\ncy.get('#query-btn').invoke('attr', 'id')\n    .should('equal', 'query-btn');\n// Explicit Assertions\nexpect(true).to.be.true;\nlet name = \"khaled\";\nexpect(name).to.be.equal(\"khaled\");\nassert.equal(4, 4, \"Not Equal\");",
          "err": {},
          "uuid": "fc86a0d1-483d-4217-9142-c5bf281bc91b",
          "parentUUID": "553ced90-222d-47ab-b6a7-2cb2ef1842f6",
          "isHook": false,
          "skipped": false
        }
      ],
      "suites": [],
      "passes": [
        "fc86a0d1-483d-4217-9142-c5bf281bc91b"
      ],
      "failures": [],
      "pending": [],
      "skipped": [],
      "duration": 692,
      "root": true,
      "rootEmpty": false,
      "_timeout": 2000
    }
  ],
  "meta": {
    "mocha": {
      "version": "7.0.1"
    },
    "mochawesome": {
      "options": {
        "quiet": false,
        "reportFilename": "mochawesome",
        "saveHtml": false,
        "saveJson": true,
        "consoleReporter": "spec",
        "useInlineDiffs": false,
        "code": true
      },
      "version": "7.1.3"
    },
    "marge": {
      "options": {
        "charts": true,
        "overwrite": false,
        "html": false,
        "json": true,
        "reportDir": "cypress/report/mochawesome-report"
      },
      "version": "6.2.0"
    }
  }
}