{
  "stats": {
    "suites": 0,
    "tests": 2,
    "passes": 2,
    "pending": 0,
    "failures": 0,
    "start": "2023-12-08T10:04:24.558Z",
    "end": "2023-12-08T10:04:34.133Z",
    "duration": 9575,
    "testsRegistered": 2,
    "passPercent": 100,
    "pendingPercent": 0,
    "other": 0,
    "hasOther": false,
    "skipped": 0,
    "hasSkipped": false
  },
  "results": [
    {
      "uuid": "a408a225-9663-4d99-8821-3090050b3d74",
      "title": "",
      "fullFile": "cypress\\e2e\\GoogleSearch.cy.ts",
      "file": "cypress\\e2e\\GoogleSearch.cy.ts",
      "beforeHooks": [],
      "afterHooks": [],
      "tests": [
        {
          "title": "Google search 1st Test",
          "fullTitle": "Google search 1st Test",
          "timedOut": null,
          "duration": 4519,
          "state": "passed",
          "speed": "fast",
          "pass": true,
          "fail": false,
          "pending": false,
          "context": null,
          "code": "cy.log(\"Google 1st Test starts\");\ncy.visit(\"https://www.google.com\");\ncy.get('#W0wltc > .QS5gu').click();\ncy.get(\".gLFyf\").type(\"cypress{enter}\");\ncy.log(\"Google lst Test ends\");",
          "err": {},
          "uuid": "2270e0a6-a155-425b-a63f-992cb0fe23bd",
          "parentUUID": "a408a225-9663-4d99-8821-3090050b3d74",
          "isHook": false,
          "skipped": false
        },
        {
          "title": "Google search: 2nd Test",
          "fullTitle": "Google search: 2nd Test",
          "timedOut": null,
          "duration": 3154,
          "state": "passed",
          "speed": "fast",
          "pass": true,
          "fail": false,
          "pending": false,
          "context": null,
          "code": "cy.log(\"Google 2nd Test starts\");\ncy.visit(\"https://www.google.com\");\ncy.get('#W0wltc > .QS5gu').click();\ncy.get(\".gLFyf\").type('cypress{enter}');\ncy.log(\"Google 2nd Test ends\");",
          "err": {},
          "uuid": "75d80119-6c71-4fdb-8191-3c704efbe3db",
          "parentUUID": "a408a225-9663-4d99-8821-3090050b3d74",
          "isHook": false,
          "skipped": false
        }
      ],
      "suites": [],
      "passes": [
        "2270e0a6-a155-425b-a63f-992cb0fe23bd",
        "75d80119-6c71-4fdb-8191-3c704efbe3db"
      ],
      "failures": [],
      "pending": [],
      "skipped": [],
      "duration": 7673,
      "root": true,
      "rootEmpty": false,
      "_timeout": 2000
    }
  ],
  "meta": {
    "mocha": {
      "version": "7.0.1"
    },
    "mochawesome": {
      "options": {
        "quiet": false,
        "reportFilename": "mochawesome",
        "saveHtml": false,
        "saveJson": true,
        "consoleReporter": "spec",
        "useInlineDiffs": false,
        "code": true
      },
      "version": "7.1.3"
    },
    "marge": {
      "options": {
        "charts": true,
        "overwrite": false,
        "html": false,
        "json": true,
        "reportDir": "cypress/report/mochawesome-report"
      },
      "version": "6.2.0"
    }
  }
}